Arguments: 
  C:\Program Files\nodejs\node.exe C:\Program Files (x86)\Yarn\bin\yarn.js install

PATH: 
  C:\ProgramData\Oracle\Java\javapath;C:\Windows\system32;C:\Windows;C:\Windows\System32\Wbem;C:\Windows\System32\WindowsPowerShell\v1.0\;C:\Program Files\nodejs\;C:\Program Files\PuTTY\;C:\Gradle\gradle-4.5.1\bin;C:\Program Files\Git\cmd;C:\Program Files (x86)\Windows Kits\8.1\Windows Performance Toolkit\;C:\Program Files (x86)\Yarn\bin\;C:\Users\Elizabeth\AppData\Local\Programs\Python\Python37\Scripts\;C:\Users\Elizabeth\AppData\Local\Programs\Python\Python37\;C:\Users\Elizabeth\AppData\Local\Microsoft\WindowsApps;C:\Program Files\Microsoft VS Code\bin;C:\Users\Elizabeth\AppData\Roaming\npm;C:\Users\Elizabeth\AppData\Local\GitHubDesktop\bin;C:\Users\Elizabeth;C:\Users\Elizabeth\AppData\Local\Yarn\bin

Yarn version: 
  1.5.1

Node version: 
  8.9.4

Platform: 
  win32 x64

npm manifest: 
  {
    "main": "node_modules/expo/AppEntry.js",
    "private": true,
    "scripts": {
      "test": "node ./node_modules/jest/bin/jest.js --watch"
    },
    "jest": {
      "preset": "jest-expo"
    },
    "dependencies": {
      "@expo/samples": "2.1.1",
      "axios": "^0.18.0",
      "expo": "^24.0.0",
      "react": "16.0.0",
      "react-native": "https://github.com/expo/react-native/archive/sdk-24.0.0.tar.gz",
      "react-navigation": "^1.0.0-beta.21"
    },
    "devDependencies": {
      "babel-eslint": "^8.2.1",
      "babel-preset-es2016": "^6.24.1",
      "babel-preset-react-native": "^4.0.0",
      "eslint": "^4.15.0",
      "eslint-config-airbnb": "^16.1.0",
      "eslint-plugin-import": "^2.8.0",
      "eslint-plugin-jsx-a11y": "^6.0.3",
      "eslint-plugin-react": "^7.6.0",
      "eslint-plugin-react-native": "^3.2.1",
      "jest-expo": "^24.0.0",
      "prop-types": "^15.6.0"
    }
  }

yarn manifest: 
  No manifest

Lockfile: 
  No lockfile

Trace: 
  Error: https://github.com/expo/react-native/archive/sdk-24.0.0.tar.gz: unexpected end of file
      at Gunzip.zlibOnError (zlib.js:153:15)
